#
# A fatal error has been detected by the Java Runtime Environment:
#
#  EXCEPTION_ACCESS_VIOLATION (0xc0000005) at pc=0x00000000739381c5, pid=24844, tid=26612
#
# JRE version: Java(TM) SE Runtime Environment (8.0_51-b16) (build 1.8.0_51-b16)
# Java VM: Java HotSpot(TM) 64-Bit Server VM (25.51-b03 mixed mode windows-amd64 compressed oops)
# Problematic frame:
# V  [jvm.dll+0x1281c5]
#
# Failed to write core dump. Minidumps are not enabled by default on client versions of Windows
#
# If you would like to submit a bug report, please visit:
#   http://bugreport.java.com/bugreport/crash.jsp
#

---------------  T H R E A D  ---------------

Current thread (0x0000000016f47800):  JavaThread "JDWP Transport Listener: dt_socket" daemon [_thread_in_vm, id=26612, stack(0x00000000187d0000,0x00000000188d0000)]

siginfo: ExceptionCode=0xc0000005, reading address 0x00000000003b3530

Registers:
RAX=0x00000000188cf401, RBX=0x0000000016f47800, RCX=0x00000000003b3530, RDX=0x0000000000000000
RSP=0x00000000188cf430, RBP=0x00000000003b3530, RSI=0x00000000188cf548, RDI=0x000000000223e3d0
R8 =0x0000000016f47800, R9 =0x0000000000000001, R10=0x0000000000008000, R11=0x00000000188cf380
R12=0x0000000000000000, R13=0x0000000016f3f668, R14=0x0000000000000000, R15=0x0000000000000000
RIP=0x00000000739381c5, EFLAGS=0x0000000000010206

Top of Stack: (sp=0x00000000188cf430)
0x00000000188cf430:   0000000016f47800 0000000016f47800
0x00000000188cf440:   00000000188cf4f8 0000000073b3c72b
0x00000000188cf450:   0000000016f47800 0000000073b58f8d
0x00000000188cf460:   0000000000000000 0000000072f79155
0x00000000188cf470:   000000001ae66ed0 0000000072f8291e
0x00000000188cf480:   0000000016f47800 0000000000000000
0x00000000188cf490:   0000000000000000 0000000000000000
0x00000000188cf4a0:   00000000003b3530 0000000072f81a15
0x00000000188cf4b0:   00000000188cf548 00000000188cf520
0x00000000188cf4c0:   0000000000000001 000000001ae66ed0
0x00000000188cf4d0:   00000000003b3530 0000000072f653b3
0x00000000188cf4e0:   00000000188cf610 0000000000000001
0x00000000188cf4f0:   0000000000000001 000000001ae66ed0
0x00000000188cf500:   00000000f000100a 0000000000000000
0x00000000188cf510:   0000000000000000 0000000000000000
0x00000000188cf520:   0000000000000001 0000000072f65571 

Instructions: (pc=0x00000000739381c5)
0x00000000739381a5:   cc cc cc cc cc cc cc cc cc cc cc 48 83 ec 28 48
0x00000000739381b5:   85 c9 75 07 33 c0 48 83 c4 28 c3 48 89 5c 24 20
0x00000000739381c5:   48 8b 19 48 85 db 74 20 48 83 fb 37 74 1a 48 8b
0x00000000739381d5:   13 48 8b cb ff 52 10 84 c0 74 0d 48 8b c3 48 8b 


Register to memory mapping:

RAX=0x00000000188cf401 is pointing into the stack for thread: 0x0000000016f47800
RBX=0x0000000016f47800 is a thread
RCX=0x00000000003b3530 is an unknown value
RDX=0x0000000000000000 is an unknown value
RSP=0x00000000188cf430 is pointing into the stack for thread: 0x0000000016f47800
RBP=0x00000000003b3530 is an unknown value
RSI=0x00000000188cf548 is pointing into the stack for thread: 0x0000000016f47800
RDI=0x000000000223e3d0 is an unknown value
R8 =0x0000000016f47800 is a thread
R9 =0x0000000000000001 is an unknown value
R10=0x0000000000008000 is an unknown value
R11=0x00000000188cf380 is pointing into the stack for thread: 0x0000000016f47800
R12=0x0000000000000000 is an unknown value
R13=0x0000000016f3f668 is an unknown value
R14=0x0000000000000000 is an unknown value
R15=0x0000000000000000 is an unknown value


Stack: [0x00000000187d0000,0x00000000188d0000],  sp=0x00000000188cf430,  free space=1021k
Native frames: (J=compiled Java code, j=interpreted, Vv=VM code, C=native code)
V  [jvm.dll+0x1281c5]
V  [jvm.dll+0x348f8d]
C  [jdwp.dll+0x21a15]
C  [jdwp.dll+0x53b3]
C  [jdwp.dll+0x5571]
C  [jdwp.dll+0xf0a8]
C  [jdwp.dll+0x1f2d5]
C  [jdwp.dll+0x1f4aa]
V  [jvm.dll+0x1bae78]
V  [jvm.dll+0x2418a4]
V  [jvm.dll+0x29846a]
C  [msvcr100.dll+0x21d9f]
C  [msvcr100.dll+0x21e3b]
C  [KERNEL32.DLL+0x17bd4]
C  [ntdll.dll+0x6cee1]


---------------  P R O C E S S  ---------------

Java Threads: ( => current thread )
  0x000000001cbc8000 JavaThread "http-nio-8080-Acceptor" daemon [_thread_in_native, id=27152, stack(0x0000000027c60000,0x0000000027d60000)]
  0x000000001b34d000 JavaThread "http-nio-8080-ClientPoller" daemon [_thread_in_native, id=19280, stack(0x0000000027b60000,0x0000000027c60000)]
  0x000000001b34f000 JavaThread "http-nio-8080-exec-10" daemon [_thread_blocked, id=23432, stack(0x0000000025ab0000,0x0000000025bb0000)]
  0x000000001b351800 JavaThread "http-nio-8080-exec-9" daemon [_thread_blocked, id=16820, stack(0x00000000259b0000,0x0000000025ab0000)]
  0x000000001b350800 JavaThread "http-nio-8080-exec-8" daemon [_thread_blocked, id=10260, stack(0x00000000258b0000,0x00000000259b0000)]
  0x000000001b34c000 JavaThread "http-nio-8080-exec-7" daemon [_thread_blocked, id=24580, stack(0x00000000253f0000,0x00000000254f0000)]
  0x000000001b350000 JavaThread "http-nio-8080-exec-6" daemon [_thread_blocked, id=23664, stack(0x00000000252f0000,0x00000000253f0000)]
  0x000000001e0a5000 JavaThread "http-nio-8080-exec-5" daemon [_thread_blocked, id=24484, stack(0x00000000250b0000,0x00000000251b0000)]
  0x000000001e0a9800 JavaThread "http-nio-8080-exec-4" daemon [_thread_blocked, id=20124, stack(0x0000000024fb0000,0x00000000250b0000)]
  0x000000001e0a1000 JavaThread "http-nio-8080-exec-3" daemon [_thread_blocked, id=516, stack(0x0000000024eb0000,0x0000000024fb0000)]
  0x000000001e0a0800 JavaThread "http-nio-8080-exec-2" daemon [_thread_blocked, id=8592, stack(0x0000000024db0000,0x0000000024eb0000)]
  0x000000001e0a6000 JavaThread "http-nio-8080-exec-1" daemon [_thread_blocked, id=18112, stack(0x0000000024cb0000,0x0000000024db0000)]
  0x000000001e09d800 JavaThread "http-nio-8080-BlockPoller" daemon [_thread_in_native, id=27496, stack(0x0000000024bb0000,0x0000000024cb0000)]
  0x000000001e0a3800 JavaThread "File Watcher" daemon [_thread_blocked, id=18980, stack(0x0000000024570000,0x0000000024670000)]
  0x000000001e0a3000 JavaThread "CleanCursors-2-thread-1" daemon [_thread_blocked, id=25796, stack(0x00000000251f0000,0x00000000252f0000)]
  0x000000001e09c800 JavaThread "cluster-ClusterId{value='5d84da1c9e9cd7610c91984f', description='null'}-localhost:27017" daemon [_thread_blocked, id=26520, stack(0x00000000217e0000,0x00000000218e0000)]
  0x000000001e09b000 JavaThread "container-0" [_thread_blocked, id=20336, stack(0x000000001ec30000,0x000000001ed30000)]
  0x000000001e0a2000 JavaThread "Catalina-utility-2" [_thread_blocked, id=28400, stack(0x000000001b7e0000,0x000000001b8e0000)]
  0x000000001e09f000 JavaThread "Catalina-utility-1" [_thread_blocked, id=25112, stack(0x00000000007f0000,0x00000000008f0000)]
  0x000000001e0a6800 JavaThread "RMI TCP Connection(idle)" daemon [_thread_blocked, id=23068, stack(0x00000000257b0000,0x00000000258b0000)]
  0x000000001e0a7800 JavaThread "RMI TCP Connection(11)-192.168.0.3" daemon [_thread_in_native, id=23368, stack(0x00000000256b0000,0x00000000257b0000)]
  0x000000001e09e000 JavaThread "DestroyJavaVM" [_thread_blocked, id=5604, stack(0x0000000002110000,0x0000000002210000)]
  0x000000001b352000 JavaThread "Live Reload Server" daemon [_thread_in_native, id=12384, stack(0x00000000218e0000,0x00000000219e0000)]
  0x00000000197a4000 JavaThread "JMX server connection timeout 20" daemon [_thread_blocked, id=27984, stack(0x000000001a510000,0x000000001a610000)]
  0x0000000019758000 JavaThread "RMI TCP Connection(idle)" daemon [_thread_blocked, id=19116, stack(0x000000001a410000,0x000000001a510000)]
  0x0000000019752800 JavaThread "RMI Scheduler(0)" daemon [_thread_blocked, id=21260, stack(0x000000001a310000,0x000000001a410000)]
  0x000000001957e800 JavaThread "RMI TCP Connection(idle)" daemon [_thread_blocked, id=15692, stack(0x000000001a010000,0x000000001a110000)]
  0x000000001951e800 JavaThread "RMI TCP Accept-0" daemon [_thread_in_native, id=13920, stack(0x0000000019cd0000,0x0000000019dd0000)]
  0x00000000193b0800 JavaThread "RMI TCP Accept-62079" daemon [_thread_in_native, id=19420, stack(0x0000000019bd0000,0x0000000019cd0000)]
  0x0000000019395000 JavaThread "RMI TCP Accept-0" daemon [_thread_in_native, id=20028, stack(0x0000000019ad0000,0x0000000019bd0000)]
  0x0000000018e1f800 JavaThread "Service Thread" daemon [_thread_blocked, id=14564, stack(0x00000000191d0000,0x00000000192d0000)]
  0x0000000016f63000 JavaThread "C1 CompilerThread2" daemon [_thread_blocked, id=26868, stack(0x0000000018cd0000,0x0000000018dd0000)]
  0x0000000016f61800 JavaThread "C2 CompilerThread1" daemon [_thread_blocked, id=13532, stack(0x0000000018bd0000,0x0000000018cd0000)]
  0x0000000016f5b800 JavaThread "C2 CompilerThread0" daemon [_thread_blocked, id=26300, stack(0x0000000018ad0000,0x0000000018bd0000)]
  0x0000000016f50800 JavaThread "JDWP Command Reader" daemon [_thread_in_native, id=28368, stack(0x00000000189d0000,0x0000000018ad0000)]
  0x0000000016f4f000 JavaThread "JDWP Event Helper Thread" daemon [_thread_blocked, id=24760, stack(0x00000000188d0000,0x00000000189d0000)]
=>0x0000000016f47800 JavaThread "JDWP Transport Listener: dt_socket" daemon [_thread_in_vm, id=26612, stack(0x00000000187d0000,0x00000000188d0000)]
  0x0000000016f34800 JavaThread "Attach Listener" daemon [_thread_blocked, id=17252, stack(0x0000000018390000,0x0000000018490000)]
  0x0000000016f31800 JavaThread "Signal Dispatcher" daemon [_thread_blocked, id=27456, stack(0x0000000018290000,0x0000000018390000)]
  0x000000000237b000 JavaThread "Finalizer" daemon [_thread_blocked, id=26984, stack(0x0000000018190000,0x0000000018290000)]
  0x0000000002372000 JavaThread "Reference Handler" daemon [_thread_blocked, id=23792, stack(0x0000000018090000,0x0000000018190000)]

Other Threads:
  0x0000000016ef7800 VMThread [stack: 0x0000000017f90000,0x0000000018090000] [id=13172]
  0x0000000019520000 WatcherThread [stack: 0x0000000019dd0000,0x0000000019ed0000] [id=7128]

VM state:not at safepoint (normal execution)

VM Mutex/Monitor currently owned by a thread: None

Heap:
 PSYoungGen      total 164864K, used 142823K [0x00000000d5b80000, 0x00000000e0f80000, 0x0000000100000000)
  eden space 156672K, 91% used [0x00000000d5b80000,0x00000000de6f9ed0,0x00000000df480000)
  from space 8192K, 0% used [0x00000000dfc80000,0x00000000dfc80000,0x00000000e0480000)
  to   space 11264K, 0% used [0x00000000e0480000,0x00000000e0480000,0x00000000e0f80000)
 ParOldGen       total 86016K, used 17899K [0x0000000081200000, 0x0000000086600000, 0x00000000d5b80000)
  object space 86016K, 20% used [0x0000000081200000,0x000000008237acd0,0x0000000086600000)
 Metaspace       used 49309K, capacity 52128K, committed 52352K, reserved 1095680K
  class space    used 6464K, capacity 6991K, committed 7040K, reserved 1048576K

Card table byte_map: [0x0000000011740000,0x0000000011b40000] byte_map_base: 0x0000000011337000

Marking Bits: (ParMarkBitMap*) 0x0000000074014040
 Begin Bits: [0x00000000121f0000, 0x00000000141a8000)
 End Bits:   [0x00000000141a8000, 0x0000000016160000)

Polling page: 0x0000000002210000

CodeCache: size=245760Kb used=18418Kb max_used=18694Kb free=227341Kb
 bounds [0x0000000002380000, 0x00000000035f0000, 0x0000000011380000]
 total_blobs=5481 nmethods=5019 adapters=381
 compilation: enabled

Compilation events (10 events):
Event: 122.773 Thread 0x0000000016f63000 5903   !   3       java.util.concurrent.ScheduledThreadPoolExecutor$DelayedWorkQueue::take (203 bytes)
Event: 122.774 Thread 0x0000000016f63000 nmethod 5903 0x00000000032f1790 code [0x00000000032f1b00, 0x00000000032f3378]
Event: 122.774 Thread 0x0000000016f63000 5902       3       java.util.concurrent.ScheduledThreadPoolExecutor$DelayedWorkQueue::take (5 bytes)
Event: 122.775 Thread 0x0000000016f63000 nmethod 5902 0x00000000032f13d0 code [0x00000000032f1540, 0x00000000032f16e8]
Event: 126.616 Thread 0x0000000016f63000 5904       3       java.util.concurrent.ScheduledThreadPoolExecutor$ScheduledFutureTask::run (59 bytes)
Event: 126.617 Thread 0x0000000016f63000 nmethod 5904 0x00000000032f0610 code [0x00000000032f0800, 0x00000000032f10a8]
Event: 126.617 Thread 0x0000000016f63000 5905       3       java.util.concurrent.ScheduledThreadPoolExecutor$ScheduledFutureTask::access$301 (5 bytes)
Event: 126.618 Thread 0x0000000016f63000 nmethod 5905 0x00000000032f0250 code [0x00000000032f03c0, 0x00000000032f0548]
Event: 126.618 Thread 0x0000000016f63000 5906   !   3       java.util.concurrent.FutureTask::runAndReset (128 bytes)
Event: 126.619 Thread 0x0000000016f63000 nmethod 5906 0x00000000032ef390 code [0x00000000032ef580, 0x00000000032efed8]

GC Heap History (10 events):
Event: 6.783 GC heap before
{Heap before GC invocations=8 (full 1):
 PSYoungGen      total 116736K, used 62196K [0x00000000d5b80000, 0x00000000dd900000, 0x0000000100000000)
  eden space 107008K, 49% used [0x00000000d5b80000,0x00000000d8f07930,0x00000000dc400000)
  from space 9728K, 96% used [0x00000000dcf80000,0x00000000dd8b5940,0x00000000dd900000)
  to   space 10752K, 0% used [0x00000000dc400000,0x00000000dc400000,0x00000000dce80000)
 ParOldGen       total 53248K, used 8746K [0x0000000081200000, 0x0000000084600000, 0x00000000d5b80000)
  object space 53248K, 16% used [0x0000000081200000,0x0000000081a8abf0,0x0000000084600000)
 Metaspace       used 33877K, capacity 35368K, committed 35456K, reserved 1079296K
  class space    used 4353K, capacity 4661K, committed 4736K, reserved 1048576K
Event: 6.804 GC heap after
Heap after GC invocations=8 (full 1):
 PSYoungGen      total 117760K, used 10735K [0x00000000d5b80000, 0x00000000e1880000, 0x0000000100000000)
  eden space 107008K, 0% used [0x00000000d5b80000,0x00000000d5b80000,0x00000000dc400000)
  from space 10752K, 99% used [0x00000000dc400000,0x00000000dce7bc00,0x00000000dce80000)
  to   space 12288K, 0% used [0x00000000e0c80000,0x00000000e0c80000,0x00000000e1880000)
 ParOldGen       total 53248K, used 9594K [0x0000000081200000, 0x0000000084600000, 0x00000000d5b80000)
  object space 53248K, 18% used [0x0000000081200000,0x0000000081b5e8f0,0x0000000084600000)
 Metaspace       used 33877K, capacity 35368K, committed 35456K, reserved 1079296K
  class space    used 4353K, capacity 4661K, committed 4736K, reserved 1048576K
}
Event: 6.804 GC heap before
{Heap before GC invocations=9 (full 2):
 PSYoungGen      total 117760K, used 10735K [0x00000000d5b80000, 0x00000000e1880000, 0x0000000100000000)
  eden space 107008K, 0% used [0x00000000d5b80000,0x00000000d5b80000,0x00000000dc400000)
  from space 10752K, 99% used [0x00000000dc400000,0x00000000dce7bc00,0x00000000dce80000)
  to   space 12288K, 0% used [0x00000000e0c80000,0x00000000e0c80000,0x00000000e1880000)
 ParOldGen       total 53248K, used 9594K [0x0000000081200000, 0x0000000084600000, 0x00000000d5b80000)
  object space 53248K, 18% used [0x0000000081200000,0x0000000081b5e8f0,0x0000000084600000)
 Metaspace       used 33877K, capacity 35368K, committed 35456K, reserved 1079296K
  class space    used 4353K, capacity 4661K, committed 4736K, reserved 1048576K
Event: 6.922 GC heap after
Heap after GC invocations=9 (full 2):
 PSYoungGen      total 117760K, used 0K [0x00000000d5b80000, 0x00000000e1880000, 0x0000000100000000)
  eden space 107008K, 0% used [0x00000000d5b80000,0x00000000d5b80000,0x00000000dc400000)
  from space 10752K, 0% used [0x00000000dc400000,0x00000000dc400000,0x00000000dce80000)
  to   space 12288K, 0% used [0x00000000e0c80000,0x00000000e0c80000,0x00000000e1880000)
 ParOldGen       total 86016K, used 15828K [0x0000000081200000, 0x0000000086600000, 0x00000000d5b80000)
  object space 86016K, 18% used [0x0000000081200000,0x0000000082175238,0x0000000086600000)
 Metaspace       used 33877K, capacity 35368K, committed 35456K, reserved 1079296K
  class space    used 4353K, capacity 4661K, committed 4736K, reserved 1048576K
}
Event: 10.067 GC heap before
{Heap before GC invocations=10 (full 2):
 PSYoungGen      total 117760K, used 107008K [0x00000000d5b80000, 0x00000000e1880000, 0x0000000100000000)
  eden space 107008K, 100% used [0x00000000d5b80000,0x00000000dc400000,0x00000000dc400000)
  from space 10752K, 0% used [0x00000000dc400000,0x00000000dc400000,0x00000000dce80000)
  to   space 12288K, 0% used [0x00000000e0c80000,0x00000000e0c80000,0x00000000e1880000)
 ParOldGen       total 86016K, used 15828K [0x0000000081200000, 0x0000000086600000, 0x00000000d5b80000)
  object space 86016K, 18% used [0x0000000081200000,0x0000000082175238,0x0000000086600000)
 Metaspace       used 44102K, capacity 46558K, committed 46720K, reserved 1089536K
  class space    used 5799K, capacity 6201K, committed 6272K, reserved 1048576K
Event: 10.087 GC heap after
Heap after GC invocations=10 (full 2):
 PSYoungGen      total 168960K, used 12265K [0x00000000d5b80000, 0x00000000e1880000, 0x0000000100000000)
  eden space 156672K, 0% used [0x00000000d5b80000,0x00000000d5b80000,0x00000000df480000)
  from space 12288K, 99% used [0x00000000e0c80000,0x00000000e187a6e0,0x00000000e1880000)
  to   space 14336K, 0% used [0x00000000dfc80000,0x00000000dfc80000,0x00000000e0a80000)
 ParOldGen       total 86016K, used 17450K [0x0000000081200000, 0x0000000086600000, 0x00000000d5b80000)
  object space 86016K, 20% used [0x0000000081200000,0x000000008230a800,0x0000000086600000)
 Metaspace       used 44102K, capacity 46558K, committed 46720K, reserved 1089536K
  class space    used 5799K, capacity 6201K, committed 6272K, reserved 1048576K
}
Event: 76.442 GC heap before
{Heap before GC invocations=11 (full 2):
 PSYoungGen      total 168960K, used 64695K [0x00000000d5b80000, 0x00000000e1880000, 0x0000000100000000)
  eden space 156672K, 33% used [0x00000000d5b80000,0x00000000d8eb3520,0x00000000df480000)
  from space 12288K, 99% used [0x00000000e0c80000,0x00000000e187a6e0,0x00000000e1880000)
  to   space 14336K, 0% used [0x00000000dfc80000,0x00000000dfc80000,0x00000000e0a80000)
 ParOldGen       total 86016K, used 17450K [0x0000000081200000, 0x0000000086600000, 0x00000000d5b80000)
  object space 86016K, 20% used [0x0000000081200000,0x000000008230a800,0x0000000086600000)
 Metaspace       used 46310K, capacity 48836K, committed 49152K, reserved 1091584K
  class space    used 6122K, capacity 6557K, committed 6656K, reserved 1048576K
Event: 76.464 GC heap after
Heap after GC invocations=11 (full 2):
 PSYoungGen      total 164864K, used 8110K [0x00000000d5b80000, 0x00000000e0f80000, 0x0000000100000000)
  eden space 156672K, 0% used [0x00000000d5b80000,0x00000000d5b80000,0x00000000df480000)
  from space 8192K, 99% used [0x00000000dfc80000,0x00000000e046bb78,0x00000000e0480000)
  to   space 11264K, 0% used [0x00000000e0480000,0x00000000e0480000,0x00000000e0f80000)
 ParOldGen       total 86016K, used 17458K [0x0000000081200000, 0x0000000086600000, 0x00000000d5b80000)
  object space 86016K, 20% used [0x0000000081200000,0x000000008230c800,0x0000000086600000)
 Metaspace       used 46310K, capacity 48836K, committed 49152K, reserved 1091584K
  class space    used 6122K, capacity 6557K, committed 6656K, reserved 1048576K
}
Event: 76.464 GC heap before
{Heap before GC invocations=12 (full 3):
 PSYoungGen      total 164864K, used 8110K [0x00000000d5b80000, 0x00000000e0f80000, 0x0000000100000000)
  eden space 156672K, 0% used [0x00000000d5b80000,0x00000000d5b80000,0x00000000df480000)
  from space 8192K, 99% used [0x00000000dfc80000,0x00000000e046bb78,0x00000000e0480000)
  to   space 11264K, 0% used [0x00000000e0480000,0x00000000e0480000,0x00000000e0f80000)
 ParOldGen       total 86016K, used 17458K [0x0000000081200000, 0x0000000086600000, 0x00000000d5b80000)
  object space 86016K, 20% used [0x0000000081200000,0x000000008230c800,0x0000000086600000)
 Metaspace       used 46310K, capacity 48836K, committed 49152K, reserved 1091584K
  class space    used 6122K, capacity 6557K, committed 6656K, reserved 1048576K
Event: 76.674 GC heap after
Heap after GC invocations=12 (full 3):
 PSYoungGen      total 164864K, used 0K [0x00000000d5b80000, 0x00000000e0f80000, 0x0000000100000000)
  eden space 156672K, 0% used [0x00000000d5b80000,0x00000000d5b80000,0x00000000df480000)
  from space 8192K, 0% used [0x00000000dfc80000,0x00000000dfc80000,0x00000000e0480000)
  to   space 11264K, 0% used [0x00000000e0480000,0x00000000e0480000,0x00000000e0f80000)
 ParOldGen       total 86016K, used 17899K [0x0000000081200000, 0x0000000086600000, 0x00000000d5b80000)
  object space 86016K, 20% used [0x0000000081200000,0x000000008237acd0,0x0000000086600000)
 Metaspace       used 46310K, capacity 48836K, committed 49152K, reserved 1091584K
  class space    used 6122K, capacity 6557K, committed 6656K, reserved 1048576K
}

Deoptimization events (10 events):
Event: 93.481 Thread 0x000000001b351800 Uncommon trap: reason=unhandled action=none pc=0x0000000002e6a234 method=java.net.URLClassLoader.findClass(Ljava/lang/String;)Ljava/lang/Class; @ 44
Event: 93.482 Thread 0x000000001b351800 Uncommon trap: reason=unhandled action=none pc=0x0000000002e6a234 method=java.net.URLClassLoader.findClass(Ljava/lang/String;)Ljava/lang/Class; @ 44
Event: 93.483 Thread 0x000000001b351800 Uncommon trap: reason=unhandled action=none pc=0x0000000002e6a234 method=java.net.URLClassLoader.findClass(Ljava/lang/String;)Ljava/lang/Class; @ 44
Event: 93.484 Thread 0x000000001b351800 Uncommon trap: reason=unhandled action=none pc=0x0000000002e6a234 method=java.net.URLClassLoader.findClass(Ljava/lang/String;)Ljava/lang/Class; @ 44
Event: 93.485 Thread 0x000000001b351800 Uncommon trap: reason=unhandled action=none pc=0x0000000002e6a234 method=java.net.URLClassLoader.findClass(Ljava/lang/String;)Ljava/lang/Class; @ 44
Event: 93.487 Thread 0x000000001b351800 Uncommon trap: reason=unhandled action=none pc=0x0000000002e6a234 method=java.net.URLClassLoader.findClass(Ljava/lang/String;)Ljava/lang/Class; @ 44
Event: 93.492 Thread 0x000000001b351800 Uncommon trap: reason=unhandled action=none pc=0x0000000002e6a234 method=java.net.URLClassLoader.findClass(Ljava/lang/String;)Ljava/lang/Class; @ 44
Event: 93.493 Thread 0x000000001b351800 Uncommon trap: reason=range_check action=none pc=0x0000000002644c5c method=sun.reflect.generics.parser.SignatureParser.current()C @ 34
Event: 93.494 Thread 0x000000001b351800 Uncommon trap: reason=unhandled action=none pc=0x0000000002ce2dd4 method=java.net.URLClassLoader.findClass(Ljava/lang/String;)Ljava/lang/Class; @ 44
Event: 98.006 Thread 0x000000001e0a7800 Uncommon trap: reason=bimorphic action=maybe_recompile pc=0x0000000002f36e0c method=java.util.Hashtable.get(Ljava/lang/Object;)Ljava/lang/Object; @ 45

Internal exceptions (10 events):
Event: 79.525 Thread 0x000000001e09c000 Exception <a 'java/lang/ArrayIndexOutOfBoundsException': 107> (0x00000000dc7257b0) thrown at [C:\re\workspace\8-2-build-windows-amd64-cygwin\jdk8u51\3951\hotspot\src\share\vm\interpreter\interpreterRuntime.cpp, line 366]
Event: 79.525 Thread 0x000000001e09c000 Exception <a 'java/lang/ArrayIndexOutOfBoundsException': 137> (0x00000000dc728cb0) thrown at [C:\re\workspace\8-2-build-windows-amd64-cygwin\jdk8u51\3951\hotspot\src\share\vm\interpreter\interpreterRuntime.cpp, line 366]
Event: 79.525 Thread 0x000000001e09c000 Exception <a 'java/lang/ArrayIndexOutOfBoundsException': 57> (0x00000000dc72bfd0) thrown at [C:\re\workspace\8-2-build-windows-amd64-cygwin\jdk8u51\3951\hotspot\src\share\vm\interpreter\interpreterRuntime.cpp, line 366]
Event: 91.191 Thread 0x000000001b34f000 Exception <a 'java/lang/NoSuchMethodError': java.lang.Object.lambda$thenComparing$36697e65$1(Ljava/util/Comparator;Ljava/lang/Object;Ljava/lang/Object;)I> (0x00000000ddb11978) thrown at [C:\re\workspace\8-2-build-windows-amd64-cygwin\jdk8u51\3951\hotspot\s©»WRÓV@
Event: 91.298 Thread 0x000000001b34f000 Exception <a 'java/lang/ArrayIndexOutOfBoundsException': 114> (0x00000000dde77d88) thrown at [C:\re\workspace\8-2-build-windows-amd64-cygwin\jdk8u51\3951\hotspot\src\share\vm\interpreter\interpreterRuntime.cpp, line 366]
Event: 91.298 Thread 0x000000001b34f000 Exception <a 'java/lang/ArrayIndexOutOfBoundsException': 68> (0x00000000dde7ba08) thrown at [C:\re\workspace\8-2-build-windows-amd64-cygwin\jdk8u51\3951\hotspot\src\share\vm\interpreter\interpreterRuntime.cpp, line 366]
Event: 91.357 Thread 0x000000001b34f000 Exception <a 'java/lang/ArrayIndexOutOfBoundsException': 98> (0x00000000ddf86240) thrown at [C:\re\workspace\8-2-build-windows-amd64-cygwin\jdk8u51\3951\hotspot\src\share\vm\interpreter\interpreterRuntime.cpp, line 366]
Event: 91.359 Thread 0x000000001b34f000 Exception <a 'java/lang/ArrayIndexOutOfBoundsException': 23> (0x00000000ddf89940) thrown at [C:\re\workspace\8-2-build-windows-amd64-cygwin\jdk8u51\3951\hotspot\src\share\vm\interpreter\interpreterRuntime.cpp, line 366]
Event: 91.377 Thread 0x000000001b34f000 Exception <a 'java/lang/ArrayIndexOutOfBoundsException': 57> (0x00000000de02bdf8) thrown at [C:\re\workspace\8-2-build-windows-amd64-cygwin\jdk8u51\3951\hotspot\src\share\vm\interpreter\interpreterRuntime.cpp, line 366]
Event: 93.493 Thread 0x000000001b351800 Exception <a 'java/lang/ArrayIndexOutOfBoundsException': 84> (0x00000000de386758) thrown at [C:\re\workspace\8-2-build-windows-amd64-cygwin\jdk8u51\3951\hotspot\src\share\vm\interpreter\interpreterRuntime.cpp, line 366]

Events (10 events):
Event: 116.113 Executing VM operation: GetOrSetLocal done
Event: 116.130 Executing VM operation: GetOrSetLocal
Event: 116.130 Executing VM operation: GetOrSetLocal done
Event: 116.130 Executing VM operation: GetOrSetLocal
Event: 116.131 Executing VM operation: GetOrSetLocal done
Event: 126.527 Executing VM operation: RedefineClasses
Event: 126.604 Executing VM operation: RedefineClasses done
Event: 126.619 Thread 0x0000000016f63000 flushing nmethod 0x00000000025e39d0
Event: 126.625 Executing VM operation: ChangeBreakpoints
Event: 126.628 Executing VM operation: ChangeBreakpoints done


Dynamic libraries:
0x00007ff750740000 - 0x00007ff750777000 	C:\Program Files\Java\jre1.8.0_51\bin\javaw.exe
0x00007ffa21ea0000 - 0x00007ffa22090000 	C:\WINDOWS\SYSTEM32\ntdll.dll
0x00007ffa200f0000 - 0x00007ffa201a2000 	C:\WINDOWS\System32\KERNEL32.DLL
0x00007ffa1f360000 - 0x00007ffa1f603000 	C:\WINDOWS\System32\KERNELBASE.dll
0x00007ffa20960000 - 0x00007ffa20a03000 	C:\WINDOWS\System32\ADVAPI32.dll
0x00007ffa20440000 - 0x00007ffa204de000 	C:\WINDOWS\System32\msvcrt.dll
0x00007ffa203a0000 - 0x00007ffa20437000 	C:\WINDOWS\System32\sechost.dll
0x00007ffa20280000 - 0x00007ffa203a0000 	C:\WINDOWS\System32\RPCRT4.dll
0x00007ffa1ff50000 - 0x00007ffa200e3000 	C:\WINDOWS\System32\USER32.dll
0x00007ffa1f610000 - 0x00007ffa1f631000 	C:\WINDOWS\System32\win32u.dll
0x00007ffa21600000 - 0x00007ffa21626000 	C:\WINDOWS\System32\GDI32.dll
0x00007ffa1ee30000 - 0x00007ffa1efc4000 	C:\WINDOWS\System32\gdi32full.dll
0x00007ffa1fe60000 - 0x00007ffa1fefe000 	C:\WINDOWS\System32\msvcp_win.dll
0x00007ffa1efd0000 - 0x00007ffa1f0ca000 	C:\WINDOWS\System32\ucrtbase.dll
0x00007ffa0f2b0000 - 0x00007ffa0f535000 	C:\WINDOWS\WinSxS\amd64_microsoft.windows.common-controls_6595b64144ccf1df_6.0.18362.356_none_e6c4af7d130f27cc\COMCTL32.dll
0x00007ffa21710000 - 0x00007ffa21a46000 	C:\WINDOWS\System32\combase.dll
0x00007ffa1f660000 - 0x00007ffa1f6e0000 	C:\WINDOWS\System32\bcryptPrimitives.dll
0x00007ffa21630000 - 0x00007ffa2165e000 	C:\WINDOWS\System32\IMM32.DLL
0x0000000072fa0000 - 0x0000000073072000 	C:\Program Files\Java\jre1.8.0_51\bin\msvcr100.dll
0x0000000073810000 - 0x0000000074093000 	C:\Program Files\Java\jre1.8.0_51\bin\server\jvm.dll
0x00007ffa215d0000 - 0x00007ffa215d8000 	C:\WINDOWS\System32\PSAPI.DLL
0x00007ffa0d850000 - 0x00007ffa0d859000 	C:\WINDOWS\SYSTEM32\WSOCK32.dll
0x00007ffa1c7d0000 - 0x00007ffa1c7f4000 	C:\WINDOWS\SYSTEM32\WINMM.dll
0x00007ffa20a80000 - 0x00007ffa20aef000 	C:\WINDOWS\System32\WS2_32.dll
0x00007ffa17490000 - 0x00007ffa1749a000 	C:\WINDOWS\SYSTEM32\VERSION.dll
0x00007ffa1c7a0000 - 0x00007ffa1c7cd000 	C:\WINDOWS\SYSTEM32\WINMMBASE.dll
0x00007ffa1ff00000 - 0x00007ffa1ff4a000 	C:\WINDOWS\System32\cfgmgr32.dll
0x0000000074160000 - 0x000000007416f000 	C:\Program Files\Java\jre1.8.0_51\bin\verify.dll
0x0000000074130000 - 0x0000000074159000 	C:\Program Files\Java\jre1.8.0_51\bin\java.dll
0x0000000072f60000 - 0x0000000072f95000 	C:\Program Files\Java\jre1.8.0_51\bin\jdwp.dll
0x0000000073690000 - 0x0000000073698000 	C:\Program Files\Java\jre1.8.0_51\bin\npt.dll
0x00000000737f0000 - 0x0000000073806000 	C:\Program Files\Java\jre1.8.0_51\bin\zip.dll
0x00007ffa20af0000 - 0x00007ffa211d5000 	C:\WINDOWS\System32\SHELL32.dll
0x00007ffa21b20000 - 0x00007ffa21bc9000 	C:\WINDOWS\System32\shcore.dll
0x00007ffa1f6e0000 - 0x00007ffa1fe5e000 	C:\WINDOWS\System32\windows.storage.dll
0x00007ffa1ee10000 - 0x00007ffa1ee2f000 	C:\WINDOWS\System32\profapi.dll
0x00007ffa1eda0000 - 0x00007ffa1edea000 	C:\WINDOWS\System32\powrprof.dll
0x00007ffa1ed70000 - 0x00007ffa1ed80000 	C:\WINDOWS\System32\UMPDC.dll
0x00007ffa21bd0000 - 0x00007ffa21c22000 	C:\WINDOWS\System32\shlwapi.dll
0x00007ffa1ed80000 - 0x00007ffa1ed91000 	C:\WINDOWS\System32\kernel.appcore.dll
0x00007ffa1f640000 - 0x00007ffa1f657000 	C:\WINDOWS\System32\cryptsp.dll
0x0000000072f50000 - 0x0000000072f59000 	C:\Program Files\Java\jre1.8.0_51\bin\dt_socket.dll
0x00007ffa0e260000 - 0x00007ffa0e276000 	C:\WINDOWS\system32\napinsp.dll
0x00007ffa0d490000 - 0x00007ffa0d4aa000 	C:\WINDOWS\system32\pnrpnsp.dll
0x00007ffa1e580000 - 0x00007ffa1e5e7000 	C:\WINDOWS\System32\mswsock.dll
0x00007ffa1e2d0000 - 0x00007ffa1e39a000 	C:\WINDOWS\SYSTEM32\DNSAPI.dll
0x00007ffa204e0000 - 0x00007ffa204e8000 	C:\WINDOWS\System32\NSI.dll
0x00007ffa1e290000 - 0x00007ffa1e2ca000 	C:\WINDOWS\SYSTEM32\IPHLPAPI.DLL
0x00007ffa10030000 - 0x00007ffa1003e000 	C:\WINDOWS\System32\winrnr.dll
0x00007ffa18fb0000 - 0x00007ffa18fcc000 	C:\WINDOWS\system32\NLAapi.dll
0x00007ffa1a580000 - 0x00007ffa1a595000 	C:\WINDOWS\system32\wshbth.dll
0x00007ffa148a0000 - 0x00007ffa14917000 	C:\WINDOWS\System32\fwpuclnt.dll
0x00007ffa1f130000 - 0x00007ffa1f156000 	C:\WINDOWS\System32\bcrypt.dll
0x00007ffa13960000 - 0x00007ffa1396a000 	C:\Windows\System32\rasadhlp.dll
0x0000000073770000 - 0x000000007377d000 	C:\Program Files\Java\jre1.8.0_51\bin\management.dll
0x00000000737d0000 - 0x00000000737ea000 	C:\Program Files\Java\jre1.8.0_51\bin\net.dll
0x00000000737b0000 - 0x00000000737c1000 	C:\Program Files\Java\jre1.8.0_51\bin\nio.dll
0x00007ffa1e0f0000 - 0x00007ffa1e123000 	C:\WINDOWS\system32\rsaenh.dll
0x00007ffa1ec60000 - 0x00007ffa1ec85000 	C:\WINDOWS\SYSTEM32\USERENV.dll
0x00007ffa1e750000 - 0x00007ffa1e75c000 	C:\WINDOWS\SYSTEM32\CRYPTBASE.dll
0x00007ffa14a40000 - 0x00007ffa14a56000 	C:\WINDOWS\SYSTEM32\dhcpcsvc6.DLL
0x00007ffa14dd0000 - 0x00007ffa14dec000 	C:\WINDOWS\SYSTEM32\dhcpcsvc.DLL
0x0000000073780000 - 0x00000000737a4000 	C:\Program Files\Java\jre1.8.0_51\bin\sunec.dll
0x00007ffa0e570000 - 0x00007ffa0e764000 	C:\WINDOWS\SYSTEM32\dbghelp.dll

VM Arguments:
jvm_args: -agentlib:jdwp=transport=dt_socket,suspend=y,address=localhost:62080 -Dcom.sun.management.jmxremote -Dcom.sun.management.jmxremote.port=62079 -Dcom.sun.management.jmxremote.authenticate=false -Dcom.sun.management.jmxremote.ssl=false -Dspring.liveBeansView.mbeanDomain -Dspring.application.admin.enabled=true -Dfile.encoding=UTF-8 
java_command: com.fsd.taskmanager.TaskManagerApplication --spring.output.ansi.enabled=always
java_class_path (initial): C:\_personal\java_applications_workspace\fsd\task-manager\target\classes;C:\Users\Sumit\.m2\repository\org\springframework\boot\spring-boot-starter-data-mongodb\2.1.8.RELEASE\spring-boot-starter-data-mongodb-2.1.8.RELEASE.jar;C:\Users\Sumit\.m2\repository\org\springframework\boot\spring-boot-starter\2.1.8.RELEASE\spring-boot-starter-2.1.8.RELEASE.jar;C:\Users\Sumit\.m2\repository\org\springframework\boot\spring-boot-starter-logging\2.1.8.RELEASE\spring-boot-starter-logging-2.1.8.RELEASE.jar;C:\Users\Sumit\.m2\repository\ch\qos\logback\logback-classic\1.2.3\logback-classic-1.2.3.jar;C:\Users\Sumit\.m2\repository\ch\qos\logback\logback-core\1.2.3\logback-core-1.2.3.jar;C:\Users\Sumit\.m2\repository\org\apache\logging\log4j\log4j-to-slf4j\2.11.2\log4j-to-slf4j-2.11.2.jar;C:\Users\Sumit\.m2\repository\javax\annotation\javax.annotation-api\1.3.2\javax.annotation-api-1.3.2.jar;C:\Users\Sumit\.m2\repository\org\springframework\spring-core\5.1.9.RELEASE\spring-core-5.1.9.RELEASE.jar;C:\Users\Sumit\.m2\repository\org\springframework\spring-jcl\5.1.9.RELEASE\spring-jcl-5.1.9.RELEASE.jar;C:\Users\Sumit\.m2\repository\org\yaml\snakeyaml\1.23\snakeyaml-1.23.jar;C:\Users\Sumit\.m2\repository\org\mongodb\mongodb-driver\3.8.2\mongodb-driver-3.8.2.jar;C:\Users\Sumit\.m2\repository\org\mongodb\bson\3.8.2\bson-3.8.2.jar;C:\Users\Sumit\.m2\repository\org\mongodb\mongodb-driver-core\3.8.2\mongodb-driver-core-3.8.2.jar;C:\Users\Sumit\.m2\repository\org\springframework\data\spring-data-mongodb\2.1.10.RELEASE\spring-data-mongodb-2.1.10.RELEASE.jar;C:\Users\Sumit\.m2\repository\org\springframework\spring-tx\5.1.9.RELEASE\spring-tx-5.1.9.RELEASE.jar;C:\Users\Sumit\.m2\repository\org\springframework\spring-context\5.1.9.RELEASE\spring-context-5.1.9.RELEASE.jar;C:\Users\Sumit\.m2\repository\org\springframework\spring-beans\5.1.9.RELEASE\spring-beans-5.1.9.RELEASE.jar;C:\Users\Sumit\.m2\repository\org\springframework\spring-expression\5.1.9.RELEASE\spring-expression
Launcher Type: SUN_STANDARD

Environment Variables:
JAVA_HOME=C:\Program Files\Java\jdk1.8.0_11
CLASSPATH=C:\_personal\java_softwares\ibm\WebSphere MQ\java\lib\com.ibm.mqjms.jar;C:\_personal\java_softwares\ibm\WebSphere MQ\java\lib\com.ibm.mq.jar
PATH=C:/Program Files/Java/jre1.8.0_51/bin/server;C:/Program Files/Java/jre1.8.0_51/bin;C:/Program Files/Java/jre1.8.0_51/lib/amd64;C:\_personal\java_softwares\ibm\WebSphere MQ\java\lib;C:\_personal\java_softwares\ibm\WebSphere MQ\java\lib64;C:\ProgramData\Oracle\Java\javapath;C:\oraclexe\app\oracle\product\11.2.0\server\bin;C:\Program Files (x86)\Intel\iCLS Client\;C:\Program Files\Intel\iCLS Client\;C:\WINDOWS\system32;C:\WINDOWS;C:\WINDOWS\System32\Wbem;C:\WINDOWS\System32\WindowsPowerShell\v1.0\;C:\Program Files\Intel\Intel(R) Management Engine Components\DAL;C:\Program Files\Intel\Intel(R) Management Engine Components\IPT;C:\Program Files (x86)\Intel\Intel(R) Management Engine Components\DAL;C:\Program Files (x86)\Intel\Intel(R) Management Engine Components\IPT;C:\Program Files\Intel\WiFi\bin\;C:\Program Files\Common Files\Intel\WirelessCommon\;C:\Program Files\TortoiseSVN\bin;C:\_personal\java_softwares\apache-maven-3.2.2\bin;C:\_personal\java_softwares\mongodb-win32-x86_64-2008plus-2.6.3\bin;C:\Program Files\Java\jdk1.7.0_65\bin;C:\_personal\java_softwares\gradle-2.1\bin;C:\_personal\java_softwares\fitness;C:\_personal\java_softwares\gradle-2.3-all\gradle-2.3\bin;C:\_personal\java_softwares\ibm\WebSphere MQ\bin64;C:\_personal\java_softwares\ibm\WebSphere MQ\bin;C:\_personal\java_softwares\ibm\WebSphere MQ\tools\c\samples\bin;C:\Program Files (x86)\CloudFoundry;C:\Program Files\Cloud Foundry;C:\Program Files (x86)\PuTTY\;C:\Program Files\Amazon\AWSCLI\;C:\WINDOWS\System32\OpenSSH\;C:\Program Files\nodejs\;C:\Program Files\nodejs;C:\Users\Sumit\AppData\Local\Microsoft\WindowsApps;C:\bat_startups;C:\Program Files\Amazon\AWSCLI;C:\Users\Sumit\AppData\Local\Programs\Python\Python36;C:\Users\Sumit\AppData\Local\Programs\Python\Python36\Scripts;C:\Users\Sumit\AppData\Roaming\npm;C:\Users\Sumit\AppData\Local\Programs\Microsoft VS Code\bin;C:\Program Files\nodejs;;C:\_personal\java_softwares\spring-tool-suite-3.7.3.RELEASE-e4.6-win32-x86_64\sts-bundle\sts-3.7.3.RELEASE;
USERNAME=Sumit
OS=Windows_NT
PROCESSOR_IDENTIFIER=Intel64 Family 6 Model 69 Stepping 1, GenuineIntel



---------------  S Y S T E M  ---------------

OS: Windows 10.0 , 64 bit Build 18362 (10.0.18362.329)

CPU:total 4 (2 cores per cpu, 2 threads per core) family 6 model 69 stepping 1, cmov, cx8, fxsr, mmx, sse, sse2, sse3, ssse3, sse4.1, sse4.2, popcnt, avx, avx2, aes, clmul, erms, lzcnt, ht, tsc, tscinvbit, bmi1, bmi2

Memory: 4k page, physical 8310040k(1782244k free), swap 18601032k(6665744k free)

vm_info: Java HotSpot(TM) 64-Bit Server VM (25.51-b03) for windows-amd64 JRE (1.8.0_51-b16), built on Jun  8 2015 18:03:07 by "java_re" with MS VC++ 10.0 (VS2010)

time: Fri Sep 20 08:55:24 2019
elapsed time: 126 seconds (0d 0h 2m 6s)

